<?xml version='1.0' encoding='UTF-8'?>
<testsuite hostname="LAPTOP-HG0R35RT" name="MainTest" tests="1" errors="0" failures="0" skipped="0" time="0.016" timestamp="2021-11-18T15:59:35">
                     <properties>
[...]
</properties>
                     <testcase classname="MainTest" name="Example test" time="0.016">
                                                 
                                               </testcase>
                     <system-out><![CDATA[]]></system-out>
                     <system-err><![CDATA[]]></system-err>
                   </testsuite>